<?xml version="1.0" encoding="UTF-8"?>
<!-- Generated by org.testng.reporters.JUnitReportReporter -->
<testsuite hostname="Eternity" failures="0" tests="1" name="TestNGPackage.VerifyHomeLoansandLifeInsurance" time="22.273" errors="0" timestamp="2023-02-04T00:47:25 IST" skipped="0">
  <testcase classname="TestNGPackage.VerifyHomeLoansandLifeInsurance" name="ApplyForLifeInsurance" time="22.273"/>
  <system-out/>
</testsuite> <!-- TestNGPackage.VerifyHomeLoansandLifeInsurance -->
