<?xml version="1.0" encoding="UTF-8"?>
<!-- Generated by org.testng.reporters.JUnitReportReporter -->
<testsuite hostname="Eternity" failures="0" tests="4" name="TestNGPackage.VerifyCreditcardandSendmoneypage" time="47.178" errors="0" timestamp="2023-02-04T00:45:38 IST" skipped="0">
  <testcase classname="TestNGPackage.VerifyCreditcardandSendmoneypage" name="ApplyForCreditCardbillpayment" time="11.159"/>
  <system-out/>
  <testcase classname="TestNGPackage.VerifyCreditcardandSendmoneypage" name="ApplyforSendmoneyAbroad" time="10.170"/>
  <system-out/>
  <testcase classname="TestNGPackage.VerifyCreditcardandSendmoneypage" name="ApplyforSendmoneyAbroad" time="15.702"/>
  <system-out/>
  <testcase classname="TestNGPackage.VerifyCreditcardandSendmoneypage" name="ApplyForCreditCardbillpayment" time="10.147"/>
  <system-out/>
</testsuite> <!-- TestNGPackage.VerifyCreditcardandSendmoneypage -->
